<?xml version="1.0" encoding="UTF-8"?>
<testng-results ignored="0" total="1" passed="1" failed="0" skipped="0">
  <reporter-output>
  </reporter-output>
  <suite started-at="2023-02-16T15:31:18 IST" name="Suite" finished-at="2023-02-16T15:31:18 IST" duration-ms="113">
    <groups>
    </groups>
    <test started-at="2023-02-16T15:31:18 IST" name="Test" finished-at="2023-02-16T15:31:18 IST" duration-ms="113">
      <class name="Testng.class1">
        <test-method signature="addition(java.lang.String,java.lang.String)[pri:0, instance:Testng.class1@524d6d96]" started-at="2023-02-16T15:31:18 IST" name="addition" finished-at="2023-02-16T15:31:18 IST" duration-ms="19" status="PASS">
          <params>
            <param index="0">
              <value>
                <![CDATA[usha]]>
              </value>
            </param>
            <param index="1">
              <value>
                <![CDATA[pune]]>
              </value>
            </param>
          </params>
          <reporter-output>
          </reporter-output>
        </test-method> <!-- addition -->
      </class> <!-- Testng.class1 -->
    </test> <!-- Test -->
  </suite> <!-- Suite -->
</testng-results>
