<?xml version="1.0" encoding="UTF-8"?>
<testng-results ignored="0" total="2" passed="2" failed="0" skipped="0">
  <reporter-output>
  </reporter-output>
  <suite started-at="2023-03-05T23:53:57 IST" name="Default suite" finished-at="2023-03-05T23:54:27 IST" duration-ms="30313">
    <groups>
    </groups>
    <test started-at="2023-03-05T23:53:57 IST" name="Default test" finished-at="2023-03-05T23:54:27 IST" duration-ms="30313">
      <class name="com.Shopping.TestCases.HomePageTest">
        <test-method is-config="true" signature="setup()[pri:0, instance:com.Shopping.TestCases.HomePageTest@659499f1]" started-at="2023-03-05T23:53:57 IST" name="setup" finished-at="2023-03-05T23:54:15 IST" duration-ms="17742" status="PASS">
          <reporter-output>
          </reporter-output>
        </test-method> <!-- setup -->
        <test-method signature="verifyPageTitle()[pri:0, instance:com.Shopping.TestCases.HomePageTest@659499f1]" started-at="2023-03-05T23:54:15 IST" name="verifyPageTitle" finished-at="2023-03-05T23:54:15 IST" duration-ms="29" status="PASS">
          <reporter-output>
          </reporter-output>
        </test-method> <!-- verifyPageTitle -->
        <test-method is-config="true" signature="teardown()[pri:0, instance:com.Shopping.TestCases.HomePageTest@659499f1]" started-at="2023-03-05T23:54:15 IST" name="teardown" finished-at="2023-03-05T23:54:15 IST" duration-ms="501" status="PASS">
          <reporter-output>
          </reporter-output>
        </test-method> <!-- teardown -->
        <test-method is-config="true" signature="setup()[pri:0, instance:com.Shopping.TestCases.HomePageTest@659499f1]" started-at="2023-03-05T23:54:15 IST" name="setup" finished-at="2023-03-05T23:54:27 IST" duration-ms="11421" status="PASS">
          <reporter-output>
          </reporter-output>
        </test-method> <!-- setup -->
        <test-method signature="verifyHomePageLanding()[pri:1, instance:com.Shopping.TestCases.HomePageTest@659499f1]" started-at="2023-03-05T23:54:27 IST" name="verifyHomePageLanding" finished-at="2023-03-05T23:54:27 IST" duration-ms="82" status="PASS">
          <reporter-output>
          </reporter-output>
        </test-method> <!-- verifyHomePageLanding -->
        <test-method is-config="true" signature="teardown()[pri:0, instance:com.Shopping.TestCases.HomePageTest@659499f1]" started-at="2023-03-05T23:54:27 IST" name="teardown" finished-at="2023-03-05T23:54:27 IST" duration-ms="437" status="PASS">
          <reporter-output>
          </reporter-output>
        </test-method> <!-- teardown -->
      </class> <!-- com.Shopping.TestCases.HomePageTest -->
    </test> <!-- Default test -->
  </suite> <!-- Default suite -->
</testng-results>
