<?xml version="1.0" encoding="UTF-8"?>
<testng-results ignored="0" total="2" passed="2" failed="0" skipped="0">
  <reporter-output>
  </reporter-output>
  <suite started-at="2023-02-21T21:25:39 IST" name="Default suite" finished-at="2023-02-21T21:27:22 IST" duration-ms="102584">
    <groups>
    </groups>
    <test started-at="2023-02-21T21:25:39 IST" name="Default test" finished-at="2023-02-21T21:27:22 IST" duration-ms="102584">
      <class name="FirstTestNG">
        <test-method signature="ChromeTest()[pri:0, instance:FirstTestNG@1b1426f4]" started-at="2023-02-21T21:25:39 IST" name="ChromeTest" finished-at="2023-02-21T21:26:08 IST" duration-ms="28985" status="PASS">
          <reporter-output>
          </reporter-output>
        </test-method> <!-- ChromeTest -->
        <test-method signature="firefoxtext()[pri:0, instance:FirstTestNG@1b1426f4]" started-at="2023-02-21T21:26:08 IST" name="firefoxtext" finished-at="2023-02-21T21:27:22 IST" duration-ms="73490" status="PASS">
          <reporter-output>
          </reporter-output>
        </test-method> <!-- firefoxtext -->
      </class> <!-- FirstTestNG -->
    </test> <!-- Default test -->
  </suite> <!-- Default suite -->
</testng-results>
